app/build/intermediates/manifest_merge_blame_file/debug/manifest-merger-blame-debug-report.txt
1<?xml version="1.0" encoding="utf-8"?>
2<manifest xmlns:android="http://schemas.android.com/apk/res/android"
3    package="com.example.digitaltolling"
4    android:versionCode="1"
5    android:versionName="1.0" >
6
7    <uses-sdk
8        android:minSdkVersion="26"
8-->src\main\AndroidManifest.xml
9        android:targetSdkVersion="27" />
9-->src\main\AndroidManifest.xml
10    <!--
11         The ACCESS_COARSE/FINE_LOCATION permissions are not required to use
12         Google Maps Android API v2, but you must specify either coarse or fine
13         location permissions for the 'MyLocation' functionality.
14    -->
15    <uses-permission android:name="android.permission.ACCESS_FINE_LOCATION" />
15-->src\main\AndroidManifest.xml:9:5-79
15-->src\main\AndroidManifest.xml:9:22-76
16    <uses-permission android:name="android.permission.ACCESS_COARSE_LOCATION" />
16-->src\main\AndroidManifest.xml:10:5-81
16-->src\main\AndroidManifest.xml:10:22-78
17    <uses-permission android:name="android.permission.INTERNET" />
17-->src\main\AndroidManifest.xml:11:5-67
17-->src\main\AndroidManifest.xml:11:22-64
18    <uses-permission android:name="android.permission.ACCESS_NETWORK_STATE" />
18-->src\main\AndroidManifest.xml:12:5-79
18-->src\main\AndroidManifest.xml:12:22-76
19    <uses-permission android:name="android.permission.READ_SMS" />
19-->src\main\AndroidManifest.xml:13:5-67
19-->src\main\AndroidManifest.xml:13:22-64
20    <uses-permission android:name="android.permission.RECEIVE_SMS" />
20-->src\main\AndroidManifest.xml:14:5-70
20-->src\main\AndroidManifest.xml:14:22-67
21
22    <uses-feature android:name="android.hardware.camera.autofocus" />
22-->src\main\AndroidManifest.xml:16:5-70
22-->src\main\AndroidManifest.xml:16:19-67
23    <uses-feature android:name="android.hardware.camera" />
23-->src\main\AndroidManifest.xml:17:5-60
23-->src\main\AndroidManifest.xml:17:19-57
24
25    <uses-permission android:name="android.permission.INTERNET" />
25-->src\main\AndroidManifest.xml:11:5-67
25-->src\main\AndroidManifest.xml:11:22-64
26    <uses-permission android:name="android.permission.READ_EXTERNAL_STORAGE" />
26-->src\main\AndroidManifest.xml:21:5-80
26-->src\main\AndroidManifest.xml:21:22-77
27    <uses-permission android:name="android.permission.INTERNET" />
27-->src\main\AndroidManifest.xml:11:5-67
27-->src\main\AndroidManifest.xml:11:22-64
28    <uses-permission android:name="android.permission.WRITE_EXTERNAL_STORAGE" />
28-->src\main\AndroidManifest.xml:23:5-81
28-->src\main\AndroidManifest.xml:23:22-78
29
30    <uses-feature
30-->src\main\AndroidManifest.xml:24:1-93
31        android:name="android.hardware.Camera"
31-->src\main\AndroidManifest.xml:24:15-53
32        android:required="true" />
32-->src\main\AndroidManifest.xml:24:54-77
33    <uses-feature
33-->[com.google.android.gms:play-services-maps:17.0.0] AndroidManifest.xml:26:5-28:35
34        android:glEsVersion="0x00020000"
34-->[com.google.android.gms:play-services-maps:17.0.0] AndroidManifest.xml:27:9-41
35        android:required="true" />
35-->[com.google.android.gms:play-services-maps:17.0.0] AndroidManifest.xml:28:9-32
36
37    <uses-permission android:name="android.permission.WAKE_LOCK" /> <!-- Required by older versions of Google Play services to create IID tokens -->
37-->[com.google.android.gms:play-services-measurement-api:17.2.1] AndroidManifest.xml:24:5-68
37-->[com.google.android.gms:play-services-measurement-api:17.2.1] AndroidManifest.xml:24:22-65
38    <uses-permission android:name="com.google.android.c2dm.permission.RECEIVE" />
38-->[com.google.firebase:firebase-iid:19.0.0] AndroidManifest.xml:26:5-82
38-->[com.google.firebase:firebase-iid:19.0.0] AndroidManifest.xml:26:22-79
39    <uses-permission android:name="com.google.android.finsky.permission.BIND_GET_INSTALL_REFERRER_SERVICE" />
39-->[com.google.android.gms:play-services-measurement:17.2.1] AndroidManifest.xml:26:5-110
39-->[com.google.android.gms:play-services-measurement:17.2.1] AndroidManifest.xml:26:22-107
40
41    <application
41-->src\main\AndroidManifest.xml:26:5-81:19
42        android:allowBackup="true"
42-->src\main\AndroidManifest.xml:27:9-35
43        android:appComponentFactory="androidx.core.app.CoreComponentFactory"
43-->[androidx.core:core:1.1.0] AndroidManifest.xml:24:18-86
44        android:debuggable="true"
45        android:extractNativeLibs="false"
46        android:icon="@drawable/launcher_icon"
46-->src\main\AndroidManifest.xml:28:9-47
47        android:label="@string/app_name"
47-->src\main\AndroidManifest.xml:29:9-41
48        android:roundIcon="@drawable/launcher_icon"
48-->src\main\AndroidManifest.xml:30:9-52
49        android:supportsRtl="true"
49-->src\main\AndroidManifest.xml:31:9-35
50        android:testOnly="true"
51        android:theme="@style/AppTheme" >
51-->src\main\AndroidManifest.xml:32:9-40
52
53        <!--
54             The API key for Google Maps-based APIs is defined as a string resource.
55             (See the file "res/values/google_maps_api.xml").
56             Note that the API key is linked to the encryption key used to sign the APK.
57             You need a different API key for each encryption key, including the release key that is used to
58             sign the APK for publishing.
59             You can define the keys for the debug and release targets in src/debug/ and src/release/.
60        -->
61
62        <meta-data
62-->src\main\AndroidManifest.xml:42:9-44:55
63            android:name="com.google.android.geo.API_KEY"
63-->src\main\AndroidManifest.xml:43:13-58
64            android:value="@string/google_maps_key" />
64-->src\main\AndroidManifest.xml:44:13-52
65        <meta-data
65-->src\main\AndroidManifest.xml:45:9-47:57
66            android:name="preloaded_fonts"
66-->src\main\AndroidManifest.xml:46:13-43
67            android:resource="@array/preloaded_fonts" />
67-->src\main\AndroidManifest.xml:47:13-54
68
69        <activity
69-->src\main\AndroidManifest.xml:49:9-51:59
70            android:name="com.example.digitaltolling.Activities.MapsActivity"
70-->src\main\AndroidManifest.xml:50:13-52
71            android:label="@string/title_activity_maps" />
71-->src\main\AndroidManifest.xml:51:13-56
72        <activity android:name="com.example.digitaltolling.Activities.SignUpActivity" />
72-->src\main\AndroidManifest.xml:52:9-63
72-->src\main\AndroidManifest.xml:52:19-60
73        <activity
73-->src\main\AndroidManifest.xml:53:9-55:39
74            android:name="com.example.digitaltolling.Activities.HistoryActivity"
74-->src\main\AndroidManifest.xml:54:13-55
75            android:label="History" />
75-->src\main\AndroidManifest.xml:55:13-36
76        <activity
76-->src\main\AndroidManifest.xml:56:9-59:20
77            android:name="com.example.digitaltolling.Activities.TolllistActivity"
77-->src\main\AndroidManifest.xml:56:19-62
78            android:windowSoftInputMode="adjustNothing" >
78-->src\main\AndroidManifest.xml:57:13-56
79        </activity>
80        <activity android:name="com.example.digitaltolling.Activities.PaymentActivity" />
80-->src\main\AndroidManifest.xml:60:9-64
80-->src\main\AndroidManifest.xml:60:19-61
81        <activity android:name="com.example.digitaltolling.Activities.ScannerActivity" />
81-->src\main\AndroidManifest.xml:61:9-64
81-->src\main\AndroidManifest.xml:61:19-61
82        <activity android:name="com.example.digitaltolling.Activities.VehicleregActivity" />
82-->src\main\AndroidManifest.xml:62:9-67
82-->src\main\AndroidManifest.xml:62:19-64
83        <activity android:name="com.example.digitaltolling.Activities.CodeActivity" />
83-->src\main\AndroidManifest.xml:63:9-61
83-->src\main\AndroidManifest.xml:63:19-58
84        <activity android:name="com.example.digitaltolling.Activities.PhonenumActivity" />
84-->src\main\AndroidManifest.xml:64:9-65
84-->src\main\AndroidManifest.xml:64:19-62
85        <activity android:name="com.example.digitaltolling.Activities.LoginActivity" />
85-->src\main\AndroidManifest.xml:65:9-62
85-->src\main\AndroidManifest.xml:65:19-59
86        <activity
86-->src\main\AndroidManifest.xml:66:9-69:59
87            android:name="com.example.digitaltolling.Activities.Home"
87-->src\main\AndroidManifest.xml:67:13-44
88            android:label="@string/title_activity_home"
88-->src\main\AndroidManifest.xml:68:13-56
89            android:theme="@style/AppTheme.NoActionBar" />
89-->src\main\AndroidManifest.xml:69:13-56
90        <activity android:name="com.example.digitaltolling.Activities.RegisterActivity" />
90-->src\main\AndroidManifest.xml:70:9-65
90-->src\main\AndroidManifest.xml:70:19-62
91        <activity android:name="com.example.digitaltolling.Activities.HomeActivity" />
91-->src\main\AndroidManifest.xml:71:9-61
91-->src\main\AndroidManifest.xml:71:19-58
92        <activity android:name="com.example.digitaltolling.Activities.SigninActivity" >
92-->src\main\AndroidManifest.xml:73:9-79:20
92-->src\main\AndroidManifest.xml:73:19-60
93            <intent-filter>
93-->src\main\AndroidManifest.xml:74:13-78:29
94                <action android:name="android.intent.action.MAIN" />
94-->src\main\AndroidManifest.xml:75:17-69
94-->src\main\AndroidManifest.xml:75:25-66
95
96                <category android:name="android.intent.category.LAUNCHER" />
96-->src\main\AndroidManifest.xml:77:17-77
96-->src\main\AndroidManifest.xml:77:27-74
97            </intent-filter>
98        </activity>
99        <activity
99-->[com.karumi:dexter:6.0.0] AndroidManifest.xml:27:9-29:72
100            android:name="com.karumi.dexter.DexterActivity"
100-->[com.karumi:dexter:6.0.0] AndroidManifest.xml:28:13-60
101            android:theme="@style/Dexter.Internal.Theme.Transparent" />
101-->[com.karumi:dexter:6.0.0] AndroidManifest.xml:29:13-69
102        <activity
102-->[com.google.firebase:firebase-auth:19.2.0] AndroidManifest.xml:24:9-31:50
103            android:name="com.google.firebase.auth.internal.FederatedSignInActivity"
103-->[com.google.firebase:firebase-auth:19.2.0] AndroidManifest.xml:25:13-85
104            android:excludeFromRecents="true"
104-->[com.google.firebase:firebase-auth:19.2.0] AndroidManifest.xml:26:13-46
105            android:exported="true"
105-->[com.google.firebase:firebase-auth:19.2.0] AndroidManifest.xml:27:13-36
106            android:launchMode="singleTask"
106-->[com.google.firebase:firebase-auth:19.2.0] AndroidManifest.xml:28:13-44
107            android:permission="com.google.firebase.auth.api.gms.permission.LAUNCH_FEDERATED_SIGN_IN"
107-->[com.google.firebase:firebase-auth:19.2.0] AndroidManifest.xml:29:13-102
108            android:theme="@android:style/Theme.Translucent.NoTitleBar" />
108-->[com.google.firebase:firebase-auth:19.2.0] AndroidManifest.xml:30:13-72
109
110        <service
110-->[com.google.firebase:firebase-auth:19.2.0] AndroidManifest.xml:33:9-39:19
111            android:name="com.google.firebase.components.ComponentDiscoveryService"
111-->[com.google.firebase:firebase-auth:19.2.0] AndroidManifest.xml:34:13-84
112            android:directBootAware="true"
112-->[com.google.firebase:firebase-common:19.3.0] AndroidManifest.xml:34:13-43
113            android:exported="false" >
113-->[com.google.firebase:firebase-auth:19.2.0] AndroidManifest.xml:35:13-37
114            <meta-data
114-->[com.google.firebase:firebase-auth:19.2.0] AndroidManifest.xml:36:13-38:85
115                android:name="com.google.firebase.components:com.google.firebase.auth.FirebaseAuthRegistrar"
115-->[com.google.firebase:firebase-auth:19.2.0] AndroidManifest.xml:37:17-109
116                android:value="com.google.firebase.components.ComponentRegistrar" />
116-->[com.google.firebase:firebase-auth:19.2.0] AndroidManifest.xml:38:17-82
117            <meta-data
117-->[com.google.firebase:firebase-storage:19.1.0] AndroidManifest.xml:33:13-35:85
118                android:name="com.google.firebase.components:com.google.firebase.storage.StorageRegistrar"
118-->[com.google.firebase:firebase-storage:19.1.0] AndroidManifest.xml:34:17-107
119                android:value="com.google.firebase.components.ComponentRegistrar" />
119-->[com.google.firebase:firebase-storage:19.1.0] AndroidManifest.xml:35:17-82
120            <meta-data
120-->[com.google.firebase:firebase-database:19.2.0] AndroidManifest.xml:32:13-34:85
121                android:name="com.google.firebase.components:com.google.firebase.database.DatabaseRegistrar"
121-->[com.google.firebase:firebase-database:19.2.0] AndroidManifest.xml:33:17-109
122                android:value="com.google.firebase.components.ComponentRegistrar" />
122-->[com.google.firebase:firebase-database:19.2.0] AndroidManifest.xml:34:17-82
123            <meta-data
123-->[com.google.android.gms:play-services-measurement-api:17.2.1] AndroidManifest.xml:30:13-32:85
124                android:name="com.google.firebase.components:com.google.firebase.analytics.connector.internal.AnalyticsConnectorRegistrar"
124-->[com.google.android.gms:play-services-measurement-api:17.2.1] AndroidManifest.xml:31:17-139
125                android:value="com.google.firebase.components.ComponentRegistrar" />
125-->[com.google.android.gms:play-services-measurement-api:17.2.1] AndroidManifest.xml:32:17-82
126            <meta-data
126-->[com.google.firebase:firebase-iid:19.0.0] AndroidManifest.xml:32:13-34:85
127                android:name="com.google.firebase.components:com.google.firebase.iid.Registrar"
127-->[com.google.firebase:firebase-iid:19.0.0] AndroidManifest.xml:33:17-96
128                android:value="com.google.firebase.components.ComponentRegistrar" />
128-->[com.google.firebase:firebase-iid:19.0.0] AndroidManifest.xml:34:17-82
129        </service>
130
131        <activity
131-->[com.paytm:pgplussdk:1.4.4] AndroidManifest.xml:14:9-17:47
132            android:name="com.paytm.pgsdk.PaytmPGActivity"
132-->[com.paytm:pgplussdk:1.4.4] AndroidManifest.xml:15:13-59
133            android:screenOrientation="portrait"
133-->[com.paytm:pgplussdk:1.4.4] AndroidManifest.xml:16:13-49
134            android:theme="@style/AppTheme" />
134-->[com.paytm:pgplussdk:1.4.4] AndroidManifest.xml:17:13-44
135
136        <service
136-->[com.paytm:pgplussdk:1.4.4] AndroidManifest.xml:19:9-21:40
137            android:name="com.paytm.pgsdk.IntentServicePostNotification"
137-->[com.paytm:pgplussdk:1.4.4] AndroidManifest.xml:20:13-73
138            android:exported="false" />
138-->[com.paytm:pgplussdk:1.4.4] AndroidManifest.xml:21:13-37
139        <service
139-->[com.paytm:pgplussdk:1.4.4] AndroidManifest.xml:22:9-24:40
140            android:name="com.paytm.pgsdk.IntentServicePreNotification"
140-->[com.paytm:pgplussdk:1.4.4] AndroidManifest.xml:23:13-72
141            android:exported="false" />
141-->[com.paytm:pgplussdk:1.4.4] AndroidManifest.xml:24:13-37
142        <service
142-->[com.paytm:pgplussdk:1.4.4] AndroidManifest.xml:25:9-28:39
143            android:name="com.paytm.pgsdk.easypay.utils.EasypayLoaderService"
143-->[com.paytm:pgplussdk:1.4.4] AndroidManifest.xml:26:13-78
144            android:enabled="true"
144-->[com.paytm:pgplussdk:1.4.4] AndroidManifest.xml:27:13-35
145            android:exported="true" />
145-->[com.paytm:pgplussdk:1.4.4] AndroidManifest.xml:28:13-36
146        <service
146-->[com.paytm:pgplussdk:1.4.4] AndroidManifest.xml:29:9-32:39
147            android:name="com.paytm.pgsdk.easypay.utils.AnalyticsService"
147-->[com.paytm:pgplussdk:1.4.4] AndroidManifest.xml:30:13-74
148            android:enabled="true"
148-->[com.paytm:pgplussdk:1.4.4] AndroidManifest.xml:31:13-35
149            android:exported="true" /> <!-- Needs to be explicitly declared on P+ -->
149-->[com.paytm:pgplussdk:1.4.4] AndroidManifest.xml:32:13-36
150        <uses-library
150-->[com.google.android.gms:play-services-maps:17.0.0] AndroidManifest.xml:33:9-35:40
151            android:name="org.apache.http.legacy"
151-->[com.google.android.gms:play-services-maps:17.0.0] AndroidManifest.xml:34:13-50
152            android:required="false" />
152-->[com.google.android.gms:play-services-maps:17.0.0] AndroidManifest.xml:35:13-37
153
154        <receiver
154-->[com.google.firebase:firebase-iid:19.0.0] AndroidManifest.xml:37:9-44:20
155            android:name="com.google.firebase.iid.FirebaseInstanceIdReceiver"
155-->[com.google.firebase:firebase-iid:19.0.0] AndroidManifest.xml:38:13-78
156            android:exported="true"
156-->[com.google.firebase:firebase-iid:19.0.0] AndroidManifest.xml:39:13-36
157            android:permission="com.google.android.c2dm.permission.SEND" >
157-->[com.google.firebase:firebase-iid:19.0.0] AndroidManifest.xml:40:13-73
158            <intent-filter>
158-->[com.google.firebase:firebase-iid:19.0.0] AndroidManifest.xml:41:13-43:29
159                <action android:name="com.google.android.c2dm.intent.RECEIVE" />
159-->[com.google.firebase:firebase-iid:19.0.0] AndroidManifest.xml:42:17-81
159-->[com.google.firebase:firebase-iid:19.0.0] AndroidManifest.xml:42:25-78
160            </intent-filter>
161        </receiver>
162
163        <activity
163-->[com.google.android.gms:play-services-base:17.1.0] AndroidManifest.xml:23:9-26:75
164            android:name="com.google.android.gms.common.api.GoogleApiActivity"
164-->[com.google.android.gms:play-services-base:17.1.0] AndroidManifest.xml:24:13-79
165            android:exported="false"
165-->[com.google.android.gms:play-services-base:17.1.0] AndroidManifest.xml:25:13-37
166            android:theme="@android:style/Theme.Translucent.NoTitleBar" />
166-->[com.google.android.gms:play-services-base:17.1.0] AndroidManifest.xml:26:13-72
167
168        <provider
168-->[com.google.firebase:firebase-common:19.3.0] AndroidManifest.xml:26:9-30:39
169            android:name="com.google.firebase.provider.FirebaseInitProvider"
169-->[com.google.firebase:firebase-common:19.3.0] AndroidManifest.xml:27:13-77
170            android:authorities="com.example.digitaltolling.firebaseinitprovider"
170-->[com.google.firebase:firebase-common:19.3.0] AndroidManifest.xml:28:13-72
171            android:exported="false"
171-->[com.google.firebase:firebase-common:19.3.0] AndroidManifest.xml:29:13-37
172            android:initOrder="100" />
172-->[com.google.firebase:firebase-common:19.3.0] AndroidManifest.xml:30:13-36
173
174        <receiver
174-->[com.google.android.gms:play-services-measurement:17.2.1] AndroidManifest.xml:29:9-33:20
175            android:name="com.google.android.gms.measurement.AppMeasurementReceiver"
175-->[com.google.android.gms:play-services-measurement:17.2.1] AndroidManifest.xml:30:13-85
176            android:enabled="true"
176-->[com.google.android.gms:play-services-measurement:17.2.1] AndroidManifest.xml:31:13-35
177            android:exported="false" >
177-->[com.google.android.gms:play-services-measurement:17.2.1] AndroidManifest.xml:32:13-37
178        </receiver>
179        <receiver
179-->[com.google.android.gms:play-services-measurement:17.2.1] AndroidManifest.xml:34:9-42:20
180            android:name="com.google.android.gms.measurement.AppMeasurementInstallReferrerReceiver"
180-->[com.google.android.gms:play-services-measurement:17.2.1] AndroidManifest.xml:35:13-100
181            android:enabled="true"
181-->[com.google.android.gms:play-services-measurement:17.2.1] AndroidManifest.xml:36:13-35
182            android:exported="true"
182-->[com.google.android.gms:play-services-measurement:17.2.1] AndroidManifest.xml:37:13-36
183            android:permission="android.permission.INSTALL_PACKAGES" >
183-->[com.google.android.gms:play-services-measurement:17.2.1] AndroidManifest.xml:38:13-69
184            <intent-filter>
184-->[com.google.android.gms:play-services-measurement:17.2.1] AndroidManifest.xml:39:13-41:29
185                <action android:name="com.android.vending.INSTALL_REFERRER" />
185-->[com.google.android.gms:play-services-measurement:17.2.1] AndroidManifest.xml:40:17-79
185-->[com.google.android.gms:play-services-measurement:17.2.1] AndroidManifest.xml:40:25-76
186            </intent-filter>
187        </receiver>
188
189        <service
189-->[com.google.android.gms:play-services-measurement:17.2.1] AndroidManifest.xml:44:9-47:40
190            android:name="com.google.android.gms.measurement.AppMeasurementService"
190-->[com.google.android.gms:play-services-measurement:17.2.1] AndroidManifest.xml:45:13-84
191            android:enabled="true"
191-->[com.google.android.gms:play-services-measurement:17.2.1] AndroidManifest.xml:46:13-35
192            android:exported="false" />
192-->[com.google.android.gms:play-services-measurement:17.2.1] AndroidManifest.xml:47:13-37
193        <service
193-->[com.google.android.gms:play-services-measurement:17.2.1] AndroidManifest.xml:48:9-52:72
194            android:name="com.google.android.gms.measurement.AppMeasurementJobService"
194-->[com.google.android.gms:play-services-measurement:17.2.1] AndroidManifest.xml:49:13-87
195            android:enabled="true"
195-->[com.google.android.gms:play-services-measurement:17.2.1] AndroidManifest.xml:50:13-35
196            android:exported="false"
196-->[com.google.android.gms:play-services-measurement:17.2.1] AndroidManifest.xml:51:13-37
197            android:permission="android.permission.BIND_JOB_SERVICE" />
197-->[com.google.android.gms:play-services-measurement:17.2.1] AndroidManifest.xml:52:13-69
198
199        <meta-data
199-->[com.google.android.gms:play-services-basement:17.0.0] AndroidManifest.xml:23:9-25:69
200            android:name="com.google.android.gms.version"
200-->[com.google.android.gms:play-services-basement:17.0.0] AndroidManifest.xml:24:13-58
201            android:value="@integer/google_play_services_version" />
201-->[com.google.android.gms:play-services-basement:17.0.0] AndroidManifest.xml:25:13-66
202    </application>
203
204</manifest>